<?xml version="1.0" encoding="UTF-8"?>
<testsuite xmlns:xsi="http://www.w3.org/2001/XMLSchema-instance" xsi:noNamespaceSchemaLocation="https://maven.apache.org/surefire/maven-surefire-plugin/xsd/surefire-test-report-3.0.xsd" version="3.0" name="br.com.skeeps.authenticator.demo.DemoApplicationTests" time="8.287" tests="1" errors="0" skipped="0" failures="0">
  <properties>
[...]
</properties>
  <testcase name="contextLoads" classname="br.com.skeeps.authenticator.demo.DemoApplicationTests" time="1.485">
    <system-out><![CDATA[17:30:16.708 [main] INFO org.springframework.test.context.support.AnnotationConfigContextLoaderUtils -- Could not detect default configuration classes for test class [br.com.skeeps.authenticator.demo.DemoApplicationTests]: DemoApplicationTests does not declare any static, non-private, non-final, nested classes annotated with @Configuration.
17:30:16.931 [main] INFO org.springframework.boot.test.context.SpringBootTestContextBootstrapper -- Found @SpringBootConfiguration br.com.skeeps.authenticator.demo.DemoApplication for test class br.com.skeeps.authenticator.demo.DemoApplicationTests
17:30:17.203 [main] INFO org.springframework.boot.devtools.restart.RestartApplicationListener -- Restart disabled due to context in which it is running

  .   ____          _            __ _ _
 /\\ / ___'_ __ _ _(_)_ __  __ _ \ \ \ \
( ( )\___ | '_ | '_| | '_ \/ _` | \ \ \ \
 \\/  ___)| |_)| | | | | || (_| |  ) ) ) )
  '  |____| .__|_| |_|_| |_\__, | / / / /
 =========|_|==============|___/=/_/_/_/
 :: Spring Boot ::       (v3.3.0-SNAPSHOT)

2024-02-13T17:30:17.545-03:00  INFO 14689 --- [           main] b.c.s.a.demo.DemoApplicationTests        : Starting DemoApplicationTests using Java 21.0.2 with PID 14689 (started by mac in /Users/mac/Documents/Projetos/skeeps-authenticator)
2024-02-13T17:30:17.546-03:00  INFO 14689 --- [           main] b.c.s.a.demo.DemoApplicationTests        : No active profile set, falling back to 1 default profile: "default"
2024-02-13T17:30:18.661-03:00  INFO 14689 --- [           main] .s.d.r.c.RepositoryConfigurationDelegate : Bootstrapping Spring Data JPA repositories in DEFAULT mode.
2024-02-13T17:30:18.692-03:00  INFO 14689 --- [           main] .s.d.r.c.RepositoryConfigurationDelegate : Finished Spring Data repository scanning in 15 ms. Found 0 JPA repository interfaces.
2024-02-13T17:30:19.242-03:00  INFO 14689 --- [           main] com.zaxxer.hikari.HikariDataSource       : HikariPool-1 - Starting...
2024-02-13T17:30:19.417-03:00  INFO 14689 --- [           main] com.zaxxer.hikari.pool.HikariPool        : HikariPool-1 - Added connection conn0: url=jdbc:h2:mem:6b10524b-61f1-4d55-97cc-e8a5372f96ea user=SA
2024-02-13T17:30:19.419-03:00  INFO 14689 --- [           main] com.zaxxer.hikari.HikariDataSource       : HikariPool-1 - Start completed.
2024-02-13T17:30:19.467-03:00  INFO 14689 --- [           main] o.hibernate.jpa.internal.util.LogHelper  : HHH000204: Processing PersistenceUnitInfo [name: default]
2024-02-13T17:30:19.548-03:00  INFO 14689 --- [           main] org.hibernate.Version                    : HHH000412: Hibernate ORM core version 6.4.1.Final
2024-02-13T17:30:19.602-03:00  INFO 14689 --- [           main] o.h.c.internal.RegionFactoryInitiator    : HHH000026: Second-level cache disabled
2024-02-13T17:30:19.945-03:00  INFO 14689 --- [           main] o.s.o.j.p.SpringPersistenceUnitInfo      : No LoadTimeWeaver setup: ignoring JPA class transformer
2024-02-13T17:30:20.387-03:00  INFO 14689 --- [           main] o.h.e.t.j.p.i.JtaPlatformInitiator       : HHH000489: No JTA platform available (set 'hibernate.transaction.jta.platform' to enable JTA platform integration)
2024-02-13T17:30:20.393-03:00  INFO 14689 --- [           main] j.LocalContainerEntityManagerFactoryBean : Initialized JPA EntityManagerFactory for persistence unit 'default'
2024-02-13T17:30:20.711-03:00  WARN 14689 --- [           main] JpaBaseConfiguration$JpaWebConfiguration : spring.jpa.open-in-view is enabled by default. Therefore, database queries may be performed during view rendering. Explicitly configure spring.jpa.open-in-view to disable this warning
2024-02-13T17:30:21.547-03:00  INFO 14689 --- [           main] o.s.s.web.DefaultSecurityFilterChain     : Will secure any request with [org.springframework.security.web.session.DisableEncodeUrlFilter@5af56240, org.springframework.security.web.context.request.async.WebAsyncManagerIntegrationFilter@2314cd97, org.springframework.security.web.context.SecurityContextHolderFilter@6e617c0e, org.springframework.security.web.header.HeaderWriterFilter@8bde368, org.springframework.web.filter.CorsFilter@51dbed72, org.springframework.security.web.csrf.CsrfFilter@5308e79d, org.springframework.security.web.authentication.logout.LogoutFilter@5cb6abc8, org.springframework.security.web.authentication.UsernamePasswordAuthenticationFilter@1aca6dc3, org.springframework.security.web.authentication.ui.DefaultLoginPageGeneratingFilter@477bea57, org.springframework.security.web.authentication.ui.DefaultLogoutPageGeneratingFilter@64e89bb2, org.springframework.security.web.authentication.www.BasicAuthenticationFilter@31b91435, org.springframework.security.web.savedrequest.RequestCacheAwareFilter@7455204c, org.springframework.security.web.servletapi.SecurityContextHolderAwareRequestFilter@34e68840, org.springframework.security.web.authentication.AnonymousAuthenticationFilter@15fe020d, org.springframework.security.web.access.ExceptionTranslationFilter@4e26040f, org.springframework.security.web.access.intercept.AuthorizationFilter@f837c11]
2024-02-13T17:30:23.103-03:00  INFO 14689 --- [           main] b.c.s.a.demo.DemoApplicationTests        : Started DemoApplicationTests in 5.918 seconds (process running for 7.736)
]]></system-out>
    <system-err><![CDATA[WARNING: A Java agent has been loaded dynamically (/Users/mac/.m2/repository/net/bytebuddy/byte-buddy-agent/1.14.11/byte-buddy-agent-1.14.11.jar)
WARNING: If a serviceability tool is in use, please run with -XX:+EnableDynamicAgentLoading to hide this warning
WARNING: If a serviceability tool is not in use, please run with -Djdk.instrument.traceUsage for more information
WARNING: Dynamic loading of agents will be disallowed by default in a future release
]]></system-err>
  </testcase>
</testsuite>